2025-10-23 16:42:06,204 - trading_bot - INFO - Running in TESTNET mode (Futures)
2025-10-23 16:42:06,846 - trading_bot - INFO - Successfully connected to Binance Futures API
2025-10-23 16:42:14,544 - trading_bot - INFO - API Request: get_open_orders, Params: {'symbol': 'BTCUSDT'}
2025-10-23 16:42:14,772 - trading_bot - INFO - API Response: []
2025-10-23 16:42:19,882 - trading_bot - INFO - API Request: place_market_order, Params: {'symbol': 'BTCUSDT', 'side': 'BUY', 'type': 'MARKET', 'quantity': 0.001}
2025-10-23 16:42:20,397 - trading_bot - INFO - API Response: {'orderId': 6734097284, 'symbol': 'BTCUSDT', 'status': 'NEW', 'clientOrderId': 'x-Cb7ytekJb03ac5629aa2fed830f072', 'price': '0.00', 'avgPrice': '0.00', 'origQty': '0.001', 'executedQty': '0.000', 'cumQty': '0.000', 'cumQuote': '0.00000', 'timeInForce': 'GTC', 'type': 'MARKET', 'reduceOnly': False, 'closePosition': False, 'side': 'BUY', 'positionSide': 'BOTH', 'stopPrice': '0.00', 'workingType': 'CONTRACT_PRICE', 'priceProtect': False, 'origType': 'MARKET', 'priceMatch': 'NONE', 'selfTradePreventionMode': 'EXPIRE_MAKER', 'goodTillDate': 0, 'updateTime': 1761217940473}
2025-10-23 16:42:20,400 - trading_bot - INFO - API Request: get_order_status, Params: {'symbol': 'BTCUSDT', 'orderId': 6734097284}
2025-10-23 16:42:20,603 - trading_bot - INFO - API Response: {'orderId': 6734097284, 'symbol': 'BTCUSDT', 'status': 'FILLED', 'clientOrderId': 'x-Cb7ytekJb03ac5629aa2fed830f072', 'price': '0.00', 'avgPrice': '109414.50000', 'origQty': '0.001', 'executedQty': '0.001', 'cumQuote': '109.41450', 'timeInForce': 'GTC', 'type': 'MARKET', 'reduceOnly': False, 'closePosition': False, 'side': 'BUY', 'positionSide': 'BOTH', 'stopPrice': '0.00', 'workingType': 'CONTRACT_PRICE', 'priceProtect': False, 'origType': 'MARKET', 'priceMatch': 'NONE', 'selfTradePreventionMode': 'EXPIRE_MAKER', 'goodTillDate': 0, 'time': 1761217940473, 'updateTime': 1761217940473}
2025-10-23 16:42:20,605 - trading_bot - INFO - Position in BTCUSDT is open with 0.001.
2025-10-23 16:42:20,606 - trading_bot - INFO - Bought 0.001 BTCUSDT. Current net quantity: 0.001
2025-10-23 16:42:20,633 - trading_bot - INFO - API Request: place_market_order, Params: {'symbol': 'BTCUSDT', 'side': 'BUY', 'type': 'MARKET', 'quantity': 0.001}
2025-10-23 16:42:20,843 - trading_bot - INFO - API Response: {'orderId': 6734097617, 'symbol': 'BTCUSDT', 'status': 'NEW', 'clientOrderId': 'x-Cb7ytekJebab29c34358dd738e26e2', 'price': '0.00', 'avgPrice': '0.00', 'origQty': '0.001', 'executedQty': '0.000', 'cumQty': '0.000', 'cumQuote': '0.00000', 'timeInForce': 'GTC', 'type': 'MARKET', 'reduceOnly': False, 'closePosition': False, 'side': 'BUY', 'positionSide': 'BOTH', 'stopPrice': '0.00', 'workingType': 'CONTRACT_PRICE', 'priceProtect': False, 'origType': 'MARKET', 'priceMatch': 'NONE', 'selfTradePreventionMode': 'EXPIRE_MAKER', 'goodTillDate': 0, 'updateTime': 1761217940923}
2025-10-23 16:42:20,844 - trading_bot - INFO - API Request: get_order_status, Params: {'symbol': 'BTCUSDT', 'orderId': 6734097617}
2025-10-23 16:42:20,846 - trading_bot - INFO - API Request: place_market_order, Params: {'symbol': 'BTCUSDT', 'side': 'BUY', 'type': 'MARKET', 'quantity': 0.001}
2025-10-23 16:42:21,022 - trading_bot - INFO - API Request: place_market_order, Params: {'symbol': 'BTCUSDT', 'side': 'BUY', 'type': 'MARKET', 'quantity': 0.001}
2025-10-23 16:42:21,195 - trading_bot - INFO - API Response: {'orderId': 6734097776, 'symbol': 'BTCUSDT', 'status': 'NEW', 'clientOrderId': 'x-Cb7ytekJc6d5dbd85695d37e9a0e89', 'price': '0.00', 'avgPrice': '0.00', 'origQty': '0.001', 'executedQty': '0.000', 'cumQty': '0.000', 'cumQuote': '0.00000', 'timeInForce': 'GTC', 'type': 'MARKET', 'reduceOnly': False, 'closePosition': False, 'side': 'BUY', 'positionSide': 'BOTH', 'stopPrice': '0.00', 'workingType': 'CONTRACT_PRICE', 'priceProtect': False, 'origType': 'MARKET', 'priceMatch': 'NONE', 'selfTradePreventionMode': 'EXPIRE_MAKER', 'goodTillDate': 0, 'updateTime': 1761217941273}
2025-10-23 16:42:21,196 - trading_bot - INFO - API Request: get_order_status, Params: {'symbol': 'BTCUSDT', 'orderId': 6734097776}
2025-10-23 16:42:21,198 - trading_bot - INFO - API Request: place_market_order, Params: {'symbol': 'BTCUSDT', 'side': 'BUY', 'type': 'MARKET', 'quantity': 0.001}
2025-10-23 16:42:21,366 - trading_bot - INFO - API Response: {'orderId': 6734097617, 'symbol': 'BTCUSDT', 'status': 'FILLED', 'clientOrderId': 'x-Cb7ytekJebab29c34358dd738e26e2', 'price': '0.00', 'avgPrice': '109414.50000', 'origQty': '0.001', 'executedQty': '0.001', 'cumQuote': '109.41450', 'timeInForce': 'GTC', 'type': 'MARKET', 'reduceOnly': False, 'closePosition': False, 'side': 'BUY', 'positionSide': 'BOTH', 'stopPrice': '0.00', 'workingType': 'CONTRACT_PRICE', 'priceProtect': False, 'origType': 'MARKET', 'priceMatch': 'NONE', 'selfTradePreventionMode': 'EXPIRE_MAKER', 'goodTillDate': 0, 'time': 1761217940923, 'updateTime': 1761217940923}
2025-10-23 16:42:21,366 - trading_bot - INFO - Position in BTCUSDT is open with 0.002.
2025-10-23 16:42:21,367 - trading_bot - INFO - Bought 0.001 BTCUSDT. Current net quantity: 0.002
2025-10-23 16:42:21,397 - trading_bot - INFO - API Request: place_market_order, Params: {'symbol': 'BTCUSDT', 'side': 'BUY', 'type': 'MARKET', 'quantity': 0.001}
2025-10-23 16:42:21,552 - trading_bot - INFO - API Response: {'orderId': 6734098051, 'symbol': 'BTCUSDT', 'status': 'NEW', 'clientOrderId': 'x-Cb7ytekJ5d5f89a0ba43c0bbe7657e', 'price': '0.00', 'avgPrice': '0.00', 'origQty': '0.001', 'executedQty': '0.000', 'cumQty': '0.000', 'cumQuote': '0.00000', 'timeInForce': 'GTC', 'type': 'MARKET', 'reduceOnly': False, 'closePosition': False, 'side': 'BUY', 'positionSide': 'BOTH', 'stopPrice': '0.00', 'workingType': 'CONTRACT_PRICE', 'priceProtect': False, 'origType': 'MARKET', 'priceMatch': 'NONE', 'selfTradePreventionMode': 'EXPIRE_MAKER', 'goodTillDate': 0, 'updateTime': 1761217941634}
2025-10-23 16:42:21,553 - trading_bot - INFO - API Request: get_order_status, Params: {'symbol': 'BTCUSDT', 'orderId': 6734098051}
2025-10-23 16:42:21,570 - trading_bot - INFO - API Request: place_market_order, Params: {'symbol': 'BTCUSDT', 'side': 'BUY', 'type': 'MARKET', 'quantity': 0.001}
2025-10-23 16:42:21,639 - trading_bot - INFO - API Response: {'orderId': 6734098094, 'symbol': 'BTCUSDT', 'status': 'NEW', 'clientOrderId': 'x-Cb7ytekJee816e69a0ba033132ec0e', 'price': '0.00', 'avgPrice': '0.00', 'origQty': '0.001', 'executedQty': '0.000', 'cumQty': '0.000', 'cumQuote': '0.00000', 'timeInForce': 'GTC', 'type': 'MARKET', 'reduceOnly': False, 'closePosition': False, 'side': 'BUY', 'positionSide': 'BOTH', 'stopPrice': '0.00', 'workingType': 'CONTRACT_PRICE', 'priceProtect': False, 'origType': 'MARKET', 'priceMatch': 'NONE', 'selfTradePreventionMode': 'EXPIRE_MAKER', 'goodTillDate': 0, 'updateTime': 1761217941707}
2025-10-23 16:42:21,639 - trading_bot - INFO - API Request: get_order_status, Params: {'symbol': 'BTCUSDT', 'orderId': 6734098094}
2025-10-23 16:42:21,716 - trading_bot - INFO - API Response: {'orderId': 6734097776, 'symbol': 'BTCUSDT', 'status': 'FILLED', 'clientOrderId': 'x-Cb7ytekJc6d5dbd85695d37e9a0e89', 'price': '0.00', 'avgPrice': '109414.50000', 'origQty': '0.001', 'executedQty': '0.001', 'cumQuote': '109.41450', 'timeInForce': 'GTC', 'type': 'MARKET', 'reduceOnly': False, 'closePosition': False, 'side': 'BUY', 'positionSide': 'BOTH', 'stopPrice': '0.00', 'workingType': 'CONTRACT_PRICE', 'priceProtect': False, 'origType': 'MARKET', 'priceMatch': 'NONE', 'selfTradePreventionMode': 'EXPIRE_MAKER', 'goodTillDate': 0, 'time': 1761217941273, 'updateTime': 1761217941273}
2025-10-23 16:42:21,717 - trading_bot - INFO - Position in BTCUSDT is open with 0.003.
2025-10-23 16:42:21,717 - trading_bot - INFO - Bought 0.001 BTCUSDT. Current net quantity: 0.003
2025-10-23 16:42:21,720 - trading_bot - INFO - API Request: place_market_order, Params: {'symbol': 'BTCUSDT', 'side': 'BUY', 'type': 'MARKET', 'quantity': 0.001}
2025-10-23 16:42:21,841 - trading_bot - INFO - API Response: {'orderId': 6734098094, 'symbol': 'BTCUSDT', 'status': 'FILLED', 'clientOrderId': 'x-Cb7ytekJee816e69a0ba033132ec0e', 'price': '0.00', 'avgPrice': '109414.50000', 'origQty': '0.001', 'executedQty': '0.001', 'cumQuote': '109.41450', 'timeInForce': 'GTC', 'type': 'MARKET', 'reduceOnly': False, 'closePosition': False, 'side': 'BUY', 'positionSide': 'BOTH', 'stopPrice': '0.00', 'workingType': 'CONTRACT_PRICE', 'priceProtect': False, 'origType': 'MARKET', 'priceMatch': 'NONE', 'selfTradePreventionMode': 'EXPIRE_MAKER', 'goodTillDate': 0, 'time': 1761217941707, 'updateTime': 1761217941707}
2025-10-23 16:42:21,842 - trading_bot - INFO - Position in BTCUSDT is open with 0.004.
2025-10-23 16:42:21,842 - trading_bot - INFO - Bought 0.001 BTCUSDT. Current net quantity: 0.004
2025-10-23 16:42:21,888 - trading_bot - INFO - API Request: place_market_order, Params: {'symbol': 'BTCUSDT', 'side': 'BUY', 'type': 'MARKET', 'quantity': 0.001}
2025-10-23 16:42:21,908 - trading_bot - INFO - API Response: {'orderId': 6734098345, 'symbol': 'BTCUSDT', 'status': 'NEW', 'clientOrderId': 'x-Cb7ytekJ4bfd6421be631541b268f0', 'price': '0.00', 'avgPrice': '0.00', 'origQty': '0.001', 'executedQty': '0.000', 'cumQty': '0.000', 'cumQuote': '0.00000', 'timeInForce': 'GTC', 'type': 'MARKET', 'reduceOnly': False, 'closePosition': False, 'side': 'BUY', 'positionSide': 'BOTH', 'stopPrice': '0.00', 'workingType': 'CONTRACT_PRICE', 'priceProtect': False, 'origType': 'MARKET', 'priceMatch': 'NONE', 'selfTradePreventionMode': 'EXPIRE_MAKER', 'goodTillDate': 0, 'updateTime': 1761217941984}
2025-10-23 16:42:21,908 - trading_bot - INFO - API Request: get_order_status, Params: {'symbol': 'BTCUSDT', 'orderId': 6734098345}
2025-10-23 16:42:22,048 - trading_bot - INFO - API Request: place_market_order, Params: {'symbol': 'BTCUSDT', 'side': 'BUY', 'type': 'MARKET', 'quantity': 0.001}
2025-10-23 16:42:22,053 - trading_bot - INFO - API Response: {'orderId': 6734098051, 'symbol': 'BTCUSDT', 'status': 'FILLED', 'clientOrderId': 'x-Cb7ytekJ5d5f89a0ba43c0bbe7657e', 'price': '0.00', 'avgPrice': '109414.50000', 'origQty': '0.001', 'executedQty': '0.001', 'cumQuote': '109.41450', 'timeInForce': 'GTC', 'type': 'MARKET', 'reduceOnly': False, 'closePosition': False, 'side': 'BUY', 'positionSide': 'BOTH', 'stopPrice': '0.00', 'workingType': 'CONTRACT_PRICE', 'priceProtect': False, 'origType': 'MARKET', 'priceMatch': 'NONE', 'selfTradePreventionMode': 'EXPIRE_MAKER', 'goodTillDate': 0, 'time': 1761217941634, 'updateTime': 1761217941634}
2025-10-23 16:42:22,054 - trading_bot - INFO - Position in BTCUSDT is open with 0.005.
2025-10-23 16:42:22,055 - trading_bot - INFO - Bought 0.001 BTCUSDT. Current net quantity: 0.005
2025-10-23 16:42:22,125 - trading_bot - INFO - API Response: {'orderId': 6734098345, 'symbol': 'BTCUSDT', 'status': 'FILLED', 'clientOrderId': 'x-Cb7ytekJ4bfd6421be631541b268f0', 'price': '0.00', 'avgPrice': '109414.50000', 'origQty': '0.001', 'executedQty': '0.001', 'cumQuote': '109.41450', 'timeInForce': 'GTC', 'type': 'MARKET', 'reduceOnly': False, 'closePosition': False, 'side': 'BUY', 'positionSide': 'BOTH', 'stopPrice': '0.00', 'workingType': 'CONTRACT_PRICE', 'priceProtect': False, 'origType': 'MARKET', 'priceMatch': 'NONE', 'selfTradePreventionMode': 'EXPIRE_MAKER', 'goodTillDate': 0, 'time': 1761217941984, 'updateTime': 1761217941984}
2025-10-23 16:42:22,126 - trading_bot - INFO - Position in BTCUSDT is open with 0.006.
2025-10-23 16:42:22,127 - trading_bot - INFO - Bought 0.001 BTCUSDT. Current net quantity: 0.006
2025-10-23 16:42:22,186 - trading_bot - INFO - API Response: {'orderId': 6734099566, 'symbol': 'BTCUSDT', 'status': 'NEW', 'clientOrderId': 'x-Cb7ytekJae12619e0283bd2161ed5e', 'price': '0.00', 'avgPrice': '0.00', 'origQty': '0.001', 'executedQty': '0.000', 'cumQty': '0.000', 'cumQuote': '0.00000', 'timeInForce': 'GTC', 'type': 'MARKET', 'reduceOnly': False, 'closePosition': False, 'side': 'BUY', 'positionSide': 'BOTH', 'stopPrice': '0.00', 'workingType': 'CONTRACT_PRICE', 'priceProtect': False, 'origType': 'MARKET', 'priceMatch': 'NONE', 'selfTradePreventionMode': 'EXPIRE_MAKER', 'goodTillDate': 0, 'updateTime': 1761217942266}
2025-10-23 16:42:22,186 - trading_bot - INFO - API Request: get_order_status, Params: {'symbol': 'BTCUSDT', 'orderId': 6734099566}
2025-10-23 16:42:22,202 - trading_bot - INFO - API Request: place_market_order, Params: {'symbol': 'BTCUSDT', 'side': 'BUY', 'type': 'MARKET', 'quantity': 0.001}
2025-10-23 16:42:22,226 - trading_bot - INFO - API Response: {'orderId': 6734099745, 'symbol': 'BTCUSDT', 'status': 'NEW', 'clientOrderId': 'x-Cb7ytekJ17c97c9ced1e0f8b39994b', 'price': '0.00', 'avgPrice': '0.00', 'origQty': '0.001', 'executedQty': '0.000', 'cumQty': '0.000', 'cumQuote': '0.00000', 'timeInForce': 'GTC', 'type': 'MARKET', 'reduceOnly': False, 'closePosition': False, 'side': 'BUY', 'positionSide': 'BOTH', 'stopPrice': '0.00', 'workingType': 'CONTRACT_PRICE', 'priceProtect': False, 'origType': 'MARKET', 'priceMatch': 'NONE', 'selfTradePreventionMode': 'EXPIRE_MAKER', 'goodTillDate': 0, 'updateTime': 1761217942304}
2025-10-23 16:42:22,226 - trading_bot - INFO - API Request: get_order_status, Params: {'symbol': 'BTCUSDT', 'orderId': 6734099745}
2025-10-23 16:42:22,370 - trading_bot - INFO - API Request: place_market_order, Params: {'symbol': 'BTCUSDT', 'side': 'BUY', 'type': 'MARKET', 'quantity': 0.001}
2025-10-23 16:42:22,382 - trading_bot - INFO - API Response: {'orderId': 6734100518, 'symbol': 'BTCUSDT', 'status': 'NEW', 'clientOrderId': 'x-Cb7ytekJ113f0308b41e15ea0c7319', 'price': '0.00', 'avgPrice': '0.00', 'origQty': '0.001', 'executedQty': '0.000', 'cumQty': '0.000', 'cumQuote': '0.00000', 'timeInForce': 'GTC', 'type': 'MARKET', 'reduceOnly': False, 'closePosition': False, 'side': 'BUY', 'positionSide': 'BOTH', 'stopPrice': '0.00', 'workingType': 'CONTRACT_PRICE', 'priceProtect': False, 'origType': 'MARKET', 'priceMatch': 'NONE', 'selfTradePreventionMode': 'EXPIRE_MAKER', 'goodTillDate': 0, 'updateTime': 1761217942463}
2025-10-23 16:42:22,383 - trading_bot - INFO - API Request: get_order_status, Params: {'symbol': 'BTCUSDT', 'orderId': 6734100518}
2025-10-23 16:42:22,403 - trading_bot - INFO - API Response: {'orderId': 6734100523, 'symbol': 'BTCUSDT', 'status': 'NEW', 'clientOrderId': 'x-Cb7ytekJa80c652cc41e95f890b61e', 'price': '0.00', 'avgPrice': '0.00', 'origQty': '0.001', 'executedQty': '0.000', 'cumQty': '0.000', 'cumQuote': '0.00000', 'timeInForce': 'GTC', 'type': 'MARKET', 'reduceOnly': False, 'closePosition': False, 'side': 'BUY', 'positionSide': 'BOTH', 'stopPrice': '0.00', 'workingType': 'CONTRACT_PRICE', 'priceProtect': False, 'origType': 'MARKET', 'priceMatch': 'NONE', 'selfTradePreventionMode': 'EXPIRE_MAKER', 'goodTillDate': 0, 'updateTime': 1761217942481}
2025-10-23 16:42:22,403 - trading_bot - INFO - API Response: {'orderId': 6734100524, 'symbol': 'BTCUSDT', 'status': 'NEW', 'clientOrderId': 'x-Cb7ytekJfeb89d6104d6391f6b6e48', 'price': '0.00', 'avgPrice': '0.00', 'origQty': '0.001', 'executedQty': '0.000', 'cumQty': '0.000', 'cumQuote': '0.00000', 'timeInForce': 'GTC', 'type': 'MARKET', 'reduceOnly': False, 'closePosition': False, 'side': 'BUY', 'positionSide': 'BOTH', 'stopPrice': '0.00', 'workingType': 'CONTRACT_PRICE', 'priceProtect': False, 'origType': 'MARKET', 'priceMatch': 'NONE', 'selfTradePreventionMode': 'EXPIRE_MAKER', 'goodTillDate': 0, 'updateTime': 1761217942483}
2025-10-23 16:42:22,404 - trading_bot - INFO - API Request: get_order_status, Params: {'symbol': 'BTCUSDT', 'orderId': 6734100523}
2025-10-23 16:42:22,404 - trading_bot - INFO - API Request: get_order_status, Params: {'symbol': 'BTCUSDT', 'orderId': 6734100524}
2025-10-23 16:42:22,529 - trading_bot - INFO - API Request: place_market_order, Params: {'symbol': 'BTCUSDT', 'side': 'BUY', 'type': 'MARKET', 'quantity': 0.001}
2025-10-23 16:42:22,578 - trading_bot - INFO - API Response: {'orderId': 6734100721, 'symbol': 'BTCUSDT', 'status': 'NEW', 'clientOrderId': 'x-Cb7ytekJ3a1111b8233691f6e74d10', 'price': '0.00', 'avgPrice': '0.00', 'origQty': '0.001', 'executedQty': '0.000', 'cumQty': '0.000', 'cumQuote': '0.00000', 'timeInForce': 'GTC', 'type': 'MARKET', 'reduceOnly': False, 'closePosition': False, 'side': 'BUY', 'positionSide': 'BOTH', 'stopPrice': '0.00', 'workingType': 'CONTRACT_PRICE', 'priceProtect': False, 'origType': 'MARKET', 'priceMatch': 'NONE', 'selfTradePreventionMode': 'EXPIRE_MAKER', 'goodTillDate': 0, 'updateTime': 1761217942656}
2025-10-23 16:42:22,579 - trading_bot - INFO - API Request: get_order_status, Params: {'symbol': 'BTCUSDT', 'orderId': 6734100721}
2025-10-23 16:42:22,604 - trading_bot - INFO - API Response: {'orderId': 6734100518, 'symbol': 'BTCUSDT', 'status': 'FILLED', 'clientOrderId': 'x-Cb7ytekJ113f0308b41e15ea0c7319', 'price': '0.00', 'avgPrice': '109414.50000', 'origQty': '0.001', 'executedQty': '0.001', 'cumQuote': '109.41450', 'timeInForce': 'GTC', 'type': 'MARKET', 'reduceOnly': False, 'closePosition': False, 'side': 'BUY', 'positionSide': 'BOTH', 'stopPrice': '0.00', 'workingType': 'CONTRACT_PRICE', 'priceProtect': False, 'origType': 'MARKET', 'priceMatch': 'NONE', 'selfTradePreventionMode': 'EXPIRE_MAKER', 'goodTillDate': 0, 'time': 1761217942463, 'updateTime': 1761217942463}
2025-10-23 16:42:22,605 - trading_bot - INFO - API Response: {'orderId': 6734100523, 'symbol': 'BTCUSDT', 'status': 'FILLED', 'clientOrderId': 'x-Cb7ytekJa80c652cc41e95f890b61e', 'price': '0.00', 'avgPrice': '109414.50000', 'origQty': '0.001', 'executedQty': '0.001', 'cumQuote': '109.41450', 'timeInForce': 'GTC', 'type': 'MARKET', 'reduceOnly': False, 'closePosition': False, 'side': 'BUY', 'positionSide': 'BOTH', 'stopPrice': '0.00', 'workingType': 'CONTRACT_PRICE', 'priceProtect': False, 'origType': 'MARKET', 'priceMatch': 'NONE', 'selfTradePreventionMode': 'EXPIRE_MAKER', 'goodTillDate': 0, 'time': 1761217942481, 'updateTime': 1761217942481}
2025-10-23 16:42:22,606 - trading_bot - INFO - API Response: {'orderId': 6734100524, 'symbol': 'BTCUSDT', 'status': 'FILLED', 'clientOrderId': 'x-Cb7ytekJfeb89d6104d6391f6b6e48', 'price': '0.00', 'avgPrice': '109414.50000', 'origQty': '0.001', 'executedQty': '0.001', 'cumQuote': '109.41450', 'timeInForce': 'GTC', 'type': 'MARKET', 'reduceOnly': False, 'closePosition': False, 'side': 'BUY', 'positionSide': 'BOTH', 'stopPrice': '0.00', 'workingType': 'CONTRACT_PRICE', 'priceProtect': False, 'origType': 'MARKET', 'priceMatch': 'NONE', 'selfTradePreventionMode': 'EXPIRE_MAKER', 'goodTillDate': 0, 'time': 1761217942483, 'updateTime': 1761217942483}
2025-10-23 16:42:22,606 - trading_bot - INFO - Position in BTCUSDT is open with 0.007.
2025-10-23 16:42:22,606 - trading_bot - INFO - Position in BTCUSDT is open with 0.009000000000000001.
2025-10-23 16:42:22,606 - trading_bot - INFO - Bought 0.001 BTCUSDT. Current net quantity: 0.007
2025-10-23 16:42:22,607 - trading_bot - INFO - Position in BTCUSDT is open with 0.008.
2025-10-23 16:42:22,607 - trading_bot - INFO - Bought 0.001 BTCUSDT. Current net quantity: 0.009000000000000001
2025-10-23 16:42:22,607 - trading_bot - INFO - Bought 0.001 BTCUSDT. Current net quantity: 0.008
2025-10-23 16:42:22,690 - trading_bot - INFO - API Request: place_market_order, Params: {'symbol': 'BTCUSDT', 'side': 'BUY', 'type': 'MARKET', 'quantity': 0.001}
2025-10-23 16:42:22,702 - trading_bot - INFO - API Response: {'orderId': 6734099566, 'symbol': 'BTCUSDT', 'status': 'FILLED', 'clientOrderId': 'x-Cb7ytekJae12619e0283bd2161ed5e', 'price': '0.00', 'avgPrice': '109414.50000', 'origQty': '0.001', 'executedQty': '0.001', 'cumQuote': '109.41450', 'timeInForce': 'GTC', 'type': 'MARKET', 'reduceOnly': False, 'closePosition': False, 'side': 'BUY', 'positionSide': 'BOTH', 'stopPrice': '0.00', 'workingType': 'CONTRACT_PRICE', 'priceProtect': False, 'origType': 'MARKET', 'priceMatch': 'NONE', 'selfTradePreventionMode': 'EXPIRE_MAKER', 'goodTillDate': 0, 'time': 1761217942266, 'updateTime': 1761217942266}
2025-10-23 16:42:22,703 - trading_bot - INFO - Position in BTCUSDT is open with 0.010000000000000002.
2025-10-23 16:42:22,703 - trading_bot - INFO - Bought 0.001 BTCUSDT. Current net quantity: 0.010000000000000002
2025-10-23 16:42:22,732 - trading_bot - INFO - API Response: {'orderId': 6734099745, 'symbol': 'BTCUSDT', 'status': 'FILLED', 'clientOrderId': 'x-Cb7ytekJ17c97c9ced1e0f8b39994b', 'price': '0.00', 'avgPrice': '109414.50000', 'origQty': '0.001', 'executedQty': '0.001', 'cumQuote': '109.41450', 'timeInForce': 'GTC', 'type': 'MARKET', 'reduceOnly': False, 'closePosition': False, 'side': 'BUY', 'positionSide': 'BOTH', 'stopPrice': '0.00', 'workingType': 'CONTRACT_PRICE', 'priceProtect': False, 'origType': 'MARKET', 'priceMatch': 'NONE', 'selfTradePreventionMode': 'EXPIRE_MAKER', 'goodTillDate': 0, 'time': 1761217942304, 'updateTime': 1761217942304}
2025-10-23 16:42:22,733 - trading_bot - INFO - Position in BTCUSDT is open with 0.011000000000000003.
2025-10-23 16:42:22,733 - trading_bot - INFO - Bought 0.001 BTCUSDT. Current net quantity: 0.011000000000000003
2025-10-23 16:42:22,776 - trading_bot - INFO - API Response: {'orderId': 6734100721, 'symbol': 'BTCUSDT', 'status': 'FILLED', 'clientOrderId': 'x-Cb7ytekJ3a1111b8233691f6e74d10', 'price': '0.00', 'avgPrice': '109414.50000', 'origQty': '0.001', 'executedQty': '0.001', 'cumQuote': '109.41450', 'timeInForce': 'GTC', 'type': 'MARKET', 'reduceOnly': False, 'closePosition': False, 'side': 'BUY', 'positionSide': 'BOTH', 'stopPrice': '0.00', 'workingType': 'CONTRACT_PRICE', 'priceProtect': False, 'origType': 'MARKET', 'priceMatch': 'NONE', 'selfTradePreventionMode': 'EXPIRE_MAKER', 'goodTillDate': 0, 'time': 1761217942656, 'updateTime': 1761217942656}
2025-10-23 16:42:22,778 - trading_bot - INFO - Position in BTCUSDT is open with 0.012000000000000004.
2025-10-23 16:42:22,778 - trading_bot - INFO - Bought 0.001 BTCUSDT. Current net quantity: 0.012000000000000004
2025-10-23 16:42:22,846 - trading_bot - INFO - API Response: {'orderId': 6734100991, 'symbol': 'BTCUSDT', 'status': 'NEW', 'clientOrderId': 'x-Cb7ytekJ565c65328f54a1e58c4530', 'price': '0.00', 'avgPrice': '0.00', 'origQty': '0.001', 'executedQty': '0.000', 'cumQty': '0.000', 'cumQuote': '0.00000', 'timeInForce': 'GTC', 'type': 'MARKET', 'reduceOnly': False, 'closePosition': False, 'side': 'BUY', 'positionSide': 'BOTH', 'stopPrice': '0.00', 'workingType': 'CONTRACT_PRICE', 'priceProtect': False, 'origType': 'MARKET', 'priceMatch': 'NONE', 'selfTradePreventionMode': 'EXPIRE_MAKER', 'goodTillDate': 0, 'updateTime': 1761217942905}
2025-10-23 16:42:22,847 - trading_bot - INFO - API Request: get_order_status, Params: {'symbol': 'BTCUSDT', 'orderId': 6734100991}
2025-10-23 16:42:22,928 - trading_bot - INFO - API Response: {'orderId': 6734101038, 'symbol': 'BTCUSDT', 'status': 'NEW', 'clientOrderId': 'x-Cb7ytekJ38285b7e2e172747684c85', 'price': '0.00', 'avgPrice': '0.00', 'origQty': '0.001', 'executedQty': '0.000', 'cumQty': '0.000', 'cumQuote': '0.00000', 'timeInForce': 'GTC', 'type': 'MARKET', 'reduceOnly': False, 'closePosition': False, 'side': 'BUY', 'positionSide': 'BOTH', 'stopPrice': '0.00', 'workingType': 'CONTRACT_PRICE', 'priceProtect': False, 'origType': 'MARKET', 'priceMatch': 'NONE', 'selfTradePreventionMode': 'EXPIRE_MAKER', 'goodTillDate': 0, 'updateTime': 1761217942974}
2025-10-23 16:42:22,929 - trading_bot - INFO - API Request: get_order_status, Params: {'symbol': 'BTCUSDT', 'orderId': 6734101038}
2025-10-23 16:42:23,062 - trading_bot - INFO - API Response: {'orderId': 6734100991, 'symbol': 'BTCUSDT', 'status': 'FILLED', 'clientOrderId': 'x-Cb7ytekJ565c65328f54a1e58c4530', 'price': '0.00', 'avgPrice': '109414.50000', 'origQty': '0.001', 'executedQty': '0.001', 'cumQuote': '109.41450', 'timeInForce': 'GTC', 'type': 'MARKET', 'reduceOnly': False, 'closePosition': False, 'side': 'BUY', 'positionSide': 'BOTH', 'stopPrice': '0.00', 'workingType': 'CONTRACT_PRICE', 'priceProtect': False, 'origType': 'MARKET', 'priceMatch': 'NONE', 'selfTradePreventionMode': 'EXPIRE_MAKER', 'goodTillDate': 0, 'time': 1761217942905, 'updateTime': 1761217942905}
2025-10-23 16:42:23,063 - trading_bot - INFO - Position in BTCUSDT is open with 0.013000000000000005.
2025-10-23 16:42:23,063 - trading_bot - INFO - Bought 0.001 BTCUSDT. Current net quantity: 0.013000000000000005
2025-10-23 16:42:23,432 - trading_bot - INFO - API Response: {'orderId': 6734101038, 'symbol': 'BTCUSDT', 'status': 'FILLED', 'clientOrderId': 'x-Cb7ytekJ38285b7e2e172747684c85', 'price': '0.00', 'avgPrice': '109414.50000', 'origQty': '0.001', 'executedQty': '0.001', 'cumQuote': '109.41450', 'timeInForce': 'GTC', 'type': 'MARKET', 'reduceOnly': False, 'closePosition': False, 'side': 'BUY', 'positionSide': 'BOTH', 'stopPrice': '0.00', 'workingType': 'CONTRACT_PRICE', 'priceProtect': False, 'origType': 'MARKET', 'priceMatch': 'NONE', 'selfTradePreventionMode': 'EXPIRE_MAKER', 'goodTillDate': 0, 'time': 1761217942974, 'updateTime': 1761217942974}
2025-10-23 16:42:23,433 - trading_bot - INFO - Position in BTCUSDT is open with 0.014000000000000005.
2025-10-23 16:42:23,434 - trading_bot - INFO - Bought 0.001 BTCUSDT. Current net quantity: 0.014000000000000005
2025-10-23 16:42:39,718 - trading_bot - INFO - API Request: place_market_order, Params: {'symbol': 'BTCUSDT', 'side': 'BUY', 'type': 'MARKET', 'quantity': 0.001}
2025-10-23 16:42:40,242 - trading_bot - INFO - API Response: {'orderId': 6734137913, 'symbol': 'BTCUSDT', 'status': 'NEW', 'clientOrderId': 'x-Cb7ytekJ4704aec5735ed72072f06d', 'price': '0.00', 'avgPrice': '0.00', 'origQty': '0.001', 'executedQty': '0.000', 'cumQty': '0.000', 'cumQuote': '0.00000', 'timeInForce': 'GTC', 'type': 'MARKET', 'reduceOnly': False, 'closePosition': False, 'side': 'BUY', 'positionSide': 'BOTH', 'stopPrice': '0.00', 'workingType': 'CONTRACT_PRICE', 'priceProtect': False, 'origType': 'MARKET', 'priceMatch': 'NONE', 'selfTradePreventionMode': 'EXPIRE_MAKER', 'goodTillDate': 0, 'updateTime': 1761217960317}
2025-10-23 16:42:40,243 - trading_bot - INFO - API Request: get_order_status, Params: {'symbol': 'BTCUSDT', 'orderId': 6734137913}
2025-10-23 16:42:40,752 - trading_bot - INFO - API Response: {'orderId': 6734137913, 'symbol': 'BTCUSDT', 'status': 'FILLED', 'clientOrderId': 'x-Cb7ytekJ4704aec5735ed72072f06d', 'price': '0.00', 'avgPrice': '109414.50000', 'origQty': '0.001', 'executedQty': '0.001', 'cumQuote': '109.41450', 'timeInForce': 'GTC', 'type': 'MARKET', 'reduceOnly': False, 'closePosition': False, 'side': 'BUY', 'positionSide': 'BOTH', 'stopPrice': '0.00', 'workingType': 'CONTRACT_PRICE', 'priceProtect': False, 'origType': 'MARKET', 'priceMatch': 'NONE', 'selfTradePreventionMode': 'EXPIRE_MAKER', 'goodTillDate': 0, 'time': 1761217960317, 'updateTime': 1761217960317}
2025-10-23 16:42:40,753 - trading_bot - INFO - Position in BTCUSDT is open with 0.015000000000000006.
2025-10-23 16:42:40,753 - trading_bot - INFO - Bought 0.001 BTCUSDT. Current net quantity: 0.015000000000000006
